<?xml version="1.0" encoding="UTF-8"?>
<!-- Generated by org.testng.reporters.JUnitXMLReporter -->
<testsuite ignored="0" hostname="meena" failures="0" tests="4" name="Default test" time="0.226" errors="0" timestamp="2022-04-17T08:44:26 IST">
  <testcase classname="com.greens.main.SecondClass" name="def" time="0.026"/>
  <testcase classname="com.greens.main.SecondClass" name="xyz" time="0.005"/>
  <testcase classname="com.greens.main.SecondClass" name="xyz" time="0.004"/>
  <testcase classname="com.greens.main.SecondClass" name="abc" time="0.005"/>
</testsuite> <!-- Default test -->
